<?xml version="1.0" encoding="UTF-8"?>
<testsuite errors="0" failures="1" name="tests.test_specloader.ViewTestCase-20161024074845" skipped="0" tests="13" time="0.015">
	<testcase classname="tests.test_specloader.ViewTestCase" name="test_accessing_properties_on_parent_object_from_child_objects" time="0.000"/>
	<testcase classname="tests.test_specloader.ViewTestCase" name="test_basic_method_calls" time="0.000"/>
	<testcase classname="tests.test_specloader.ViewTestCase" name="test_hierarchical_partials_with_lambdas" time="0.004"/>
	<testcase classname="tests.test_specloader.ViewTestCase" name="test_higher_order_lambda" time="0.000"/>
	<testcase classname="tests.test_specloader.ViewTestCase" name="test_higher_order_replace" time="0.001"/>
	<testcase classname="tests.test_specloader.ViewTestCase" name="test_higher_order_rot13" time="0.000"/>
	<testcase classname="tests.test_specloader.ViewTestCase" name="test_inverted" time="0.002"/>
	<testcase classname="tests.test_specloader.ViewTestCase" name="test_inverted_lists" time="0.001"/>
	<testcase classname="tests.test_specloader.ViewTestCase" name="test_non_callable_attributes" time="0.000"/>
	<testcase classname="tests.test_specloader.ViewTestCase" name="test_partials_with_lambda" time="0.001"/>
	<testcase classname="tests.test_specloader.ViewTestCase" name="test_template_path_for_partials" time="0.002"/>
	<testcase classname="tests.test_specloader.ViewTestCase" name="test_template_rel_directory" time="0.001"/>
	<testcase classname="tests.test_specloader.ViewTestCase" name="test_complex" time="0.003">
		<failure message="String mismatch: different characters

        Expected: &quot;&quot;&quot;&lt;h1&gt;Colors&lt;/h1&gt;
&lt;ul&gt;
&lt;li&gt;&lt;strong&gt;red&lt;/strong&gt;&lt;/li&gt;
&lt;li&gt;&lt;a href=&quot;#Green&quot;&gt;green&lt;/a&gt;&lt;/li&gt;
&lt;li&gt;&lt;a href=&quot;#Blue&quot;&gt;blue&lt;/a&gt;&lt;/li&gt;
&lt;/ul&gt;&quot;&quot;&quot;
        Actual:   &quot;&quot;&quot;&lt;h1&gt;Colors&lt;/h1&gt;
&lt;ul&gt;
&lt;li&gt;&lt;strong&gt;red&lt;/strong&gt;&lt;/li&gt;
&lt;li&gt;&lt;a href=&quot;#Green&quot;&gt;green&lt;/a&gt;&lt;/li&gt;
&lt;li&gt;&lt;a href=&quot;#Blue&quot;&gt;blue&lt;/a&gt;&lt;/li&gt;
&lt;/ul&gt;&quot;&quot;&quot;

        Expected: u'&lt;h1&gt;Colors&lt;/h1&gt;\n&lt;ul&gt;\n&lt;li&gt;&lt;strong&gt;red&lt;/strong&gt;&lt;/li&gt;\n&lt;li&gt;&lt;a href=&quot;#Green&quot;&gt;green&lt;/a&gt;&lt;/li&gt;\n&lt;li&gt;&lt;a href=&quot;#Blue&quot;&gt;blue&lt;/a&gt;&lt;/li&gt;\n&lt;/ul&gt;'
        Actual:   u'&lt;h1&gt;Colors&lt;/h1&gt;\r\n&lt;ul&gt;\r\n&lt;li&gt;&lt;strong&gt;red&lt;/strong&gt;&lt;/li&gt;\r\n&lt;li&gt;&lt;a href=&quot;#Green&quot;&gt;green&lt;/a&gt;&lt;/li&gt;\r\n&lt;li&gt;&lt;a href=&quot;#Blue&quot;&gt;blue&lt;/a&gt;&lt;/li&gt;\r\n&lt;/ul&gt;'" type="AssertionError">
<![CDATA[Traceback (most recent call last):
  File "C:\Users\asalgado\Documents\Laureate\pystache\pystache\tests\test_specloader.py", line 101, in test_complex
    </ul>""")
  File "C:\Users\asalgado\Documents\Laureate\pystache\pystache\tests\common.py", line 160, in assertString
    self.assertEqual(actual, expected, make_message("different characters"))
AssertionError: String mismatch: different characters

        Expected: """<h1>Colors</h1>
<ul>
<li><strong>red</strong></li>
<li><a href="#Green">green</a></li>
<li><a href="#Blue">blue</a></li>
</ul>"""
        Actual:   """<h1>Colors</h1>
<ul>
<li><strong>red</strong></li>
<li><a href="#Green">green</a></li>
<li><a href="#Blue">blue</a></li>
</ul>"""

        Expected: u'<h1>Colors</h1>\n<ul>\n<li><strong>red</strong></li>\n<li><a href="#Green">green</a></li>\n<li><a href="#Blue">blue</a></li>\n</ul>'
        Actual:   u'<h1>Colors</h1>\r\n<ul>\r\n<li><strong>red</strong></li>\r\n<li><a href="#Green">green</a></li>\r\n<li><a href="#Blue">blue</a></li>\r\n</ul>'
]]>		</failure>
	</testcase>
	<system-out>
<![CDATA[]]>	</system-out>
	<system-err>
<![CDATA[]]>	</system-err>
</testsuite>
