<?xml version="1.0" encoding="UTF-8"?>
<testsuite errors="0" failures="1" name="tests.test_specloader.TemplateSpecTests-20161024074845" skipped="0" tests="10" time="0.002">
	<testcase classname="tests.test_specloader.TemplateSpecTests" name="test_find__without_directory" time="0.000"/>
	<testcase classname="tests.test_specloader.TemplateSpecTests" name="test_find_relative" time="0.000"/>
	<testcase classname="tests.test_specloader.TemplateSpecTests" name="test_find_relative__template_extension" time="0.000"/>
	<testcase classname="tests.test_specloader.TemplateSpecTests" name="test_find_relative__template_name" time="0.000"/>
	<testcase classname="tests.test_specloader.TemplateSpecTests" name="test_find_relative__template_rel_directory" time="0.001"/>
	<testcase classname="tests.test_specloader.TemplateSpecTests" name="test_find_relative__template_rel_path__file_name_only" time="0.000"/>
	<testcase classname="tests.test_specloader.TemplateSpecTests" name="test_find_relative__template_rel_path__file_name_with_directory" time="0.000"/>
	<testcase classname="tests.test_specloader.TemplateSpecTests" name="test_get_template" time="0.000"/>
	<testcase classname="tests.test_specloader.TemplateSpecTests" name="test_get_template__template_encoding" time="0.001"/>
	<testcase classname="tests.test_specloader.TemplateSpecTests" name="test_find__with_directory" time="0.000">
		<failure message="'C:\\Users\\asalgado\\Documents\\Laureate\\pystache\\pystache\\tests\\data\\foo\\bar.txt' != 'C:\\Users\\asalgado\\Documents\\Laureate\\pystache\\pystache\\tests\\data\\foo/bar.txt'" type="AssertionError">
<![CDATA[Traceback (most recent call last):
  File "C:\Users\asalgado\Documents\Laureate\pystache\pystache\tests\test_specloader.py", line 392, in test_find__with_directory
    self.assertPaths(actual, expected)
  File "C:\Users\asalgado\Documents\Laureate\pystache\pystache\tests\test_specloader.py", line 38, in assertPaths
    self.assertEqual(actual, expected)
AssertionError: 'C:\\Users\\asalgado\\Documents\\Laureate\\pystache\\pystache\\tests\\data\\foo\\bar.txt' != 'C:\\Users\\asalgado\\Documents\\Laureate\\pystache\\pystache\\tests\\data\\foo/bar.txt'
]]>		</failure>
	</testcase>
	<system-out>
<![CDATA[]]>	</system-out>
	<system-err>
<![CDATA[]]>	</system-err>
</testsuite>
